<?xml version="1.0" encoding="UTF-8"?>
<testng-results skipped="0" failed="0" total="1" passed="1">
  <reporter-output>
  </reporter-output>
  <suite name="exapmle.NewTest" duration-ms="5952" started-at="2018-03-07T15:23:40Z" finished-at="2018-03-07T15:23:45Z">
    <groups>
    </groups>
    <test name="Command line test" duration-ms="5952" started-at="2018-03-07T15:23:40Z" finished-at="2018-03-07T15:23:45Z">
      <class name="exapmle.NewTest">
        <test-method status="PASS" signature="beforeTest()[pri:0, instance:exapmle.NewTest@dfd3711]" name="beforeTest" is-config="true" duration-ms="3553" started-at="2018-03-07T16:23:40Z" finished-at="2018-03-07T16:23:43Z">
          <reporter-output>
          </reporter-output>
        </test-method> <!-- beforeTest -->
        <test-method status="PASS" signature="testEasy()[pri:0, instance:exapmle.NewTest@dfd3711]" name="testEasy" duration-ms="1213" started-at="2018-03-07T16:23:43Z" finished-at="2018-03-07T16:23:44Z">
          <reporter-output>
          </reporter-output>
        </test-method> <!-- testEasy -->
        <test-method status="PASS" signature="afterTest()[pri:0, instance:exapmle.NewTest@dfd3711]" name="afterTest" is-config="true" duration-ms="1178" started-at="2018-03-07T16:23:44Z" finished-at="2018-03-07T16:23:45Z">
          <reporter-output>
          </reporter-output>
        </test-method> <!-- afterTest -->
      </class> <!-- exapmle.NewTest -->
    </test> <!-- Command line test -->
  </suite> <!-- exapmle.NewTest -->
</testng-results>
