<?xml version="1.0" encoding="UTF-8"?>
<testng-results skipped="0" failed="0" total="1" passed="1">
  <reporter-output>
  </reporter-output>
  <suite name="Default suite" duration-ms="6419" started-at="2018-03-07T15:23:12Z" finished-at="2018-03-07T15:23:18Z">
    <groups>
    </groups>
    <test name="Default test" duration-ms="6419" started-at="2018-03-07T15:23:12Z" finished-at="2018-03-07T15:23:18Z">
      <class name="exapmle.NewTest">
        <test-method status="PASS" signature="beforeTest()[pri:0, instance:exapmle.NewTest@4cc0edeb]" name="beforeTest" is-config="true" duration-ms="3580" started-at="2018-03-07T16:23:12Z" finished-at="2018-03-07T16:23:16Z">
          <reporter-output>
          </reporter-output>
        </test-method> <!-- beforeTest -->
        <test-method status="PASS" signature="testEasy()[pri:0, instance:exapmle.NewTest@4cc0edeb]" name="testEasy" duration-ms="1646" started-at="2018-03-07T16:23:16Z" finished-at="2018-03-07T16:23:17Z">
          <reporter-output>
          </reporter-output>
        </test-method> <!-- testEasy -->
        <test-method status="PASS" signature="afterTest()[pri:0, instance:exapmle.NewTest@4cc0edeb]" name="afterTest" is-config="true" duration-ms="1177" started-at="2018-03-07T16:23:17Z" finished-at="2018-03-07T16:23:18Z">
          <reporter-output>
          </reporter-output>
        </test-method> <!-- afterTest -->
      </class> <!-- exapmle.NewTest -->
    </test> <!-- Default test -->
  </suite> <!-- Default suite -->
</testng-results>
